<?xml version="1.0" encoding="UTF-8"?>
<!-- Generated by org.testng.reporters.JUnitXMLReporter -->
<testsuite ignored="20" hostname="DESKTOP-6DOC790" failures="0" tests="1" name="Default test" time="7.876" errors="0" timestamp="2024-03-16T14:50:12 PKT">
  <testcase classname="Test.WelcomePageTest" name="sf" time="0.746"/>
  <testcase classname="Test.WelcomePageTest" name="checkbox" time="0.0">
    <ignored/>
  </testcase> <!-- checkbox -->
  <testcase classname="Test.WelcomePageTest" name="imagecheck" time="0.0">
    <ignored/>
  </testcase> <!-- imagecheck -->
  <testcase classname="Test.WelcomePageTest" name="welcome" time="0.0">
    <ignored/>
  </testcase> <!-- welcome -->
  <testcase classname="Test.WelcomePageTest" name="addremove" time="0.0">
    <ignored/>
  </testcase> <!-- addremove -->
  <testcase classname="Test.WelcomePageTest" name="input" time="0.0">
    <ignored/>
  </testcase> <!-- input -->
  <testcase classname="Test.WelcomePageTest" name="checkcontextmenue" time="0.0">
    <ignored/>
  </testcase> <!-- checkcontextmenue -->
  <testcase classname="Test.WelcomePageTest" name="imagenotblanck" time="0.0">
    <ignored/>
  </testcase> <!-- imagenotblanck -->
  <testcase classname="Test.WelcomePageTest" name="basicauth" time="0.0">
    <ignored/>
  </testcase> <!-- basicauth -->
  <testcase classname="Test.WelcomePageTest" name="brokenimage" time="0.0">
    <ignored/>
  </testcase> <!-- brokenimage -->
  <testcase classname="Test.WelcomePageTest" name="frq" time="0.0">
    <ignored/>
  </testcase> <!-- frq -->
  <testcase classname="Test.WelcomePageTest" name="hvr" time="0.0">
    <ignored/>
  </testcase> <!-- hvr -->
  <testcase classname="Test.WelcomePageTest" name="avaiable" time="0.0">
    <ignored/>
  </testcase> <!-- avaiable -->
  <testcase classname="Test.WelcomePageTest" name="testAB" time="0.0">
    <ignored/>
  </testcase> <!-- testAB -->
  <testcase classname="Test.WelcomePageTest" name="ABtestcontrol" time="0.0">
    <ignored/>
  </testcase> <!-- ABtestcontrol -->
  <testcase classname="Test.WelcomePageTest" name="checkdragdrop" time="0.0">
    <ignored/>
  </testcase> <!-- checkdragdrop -->
  <testcase classname="Test.WelcomePageTest" name="challengeDOM" time="0.0">
    <ignored/>
  </testcase> <!-- challengeDOM -->
  <testcase classname="Test.WelcomePageTest" name="jj" time="0.0">
    <ignored/>
  </testcase> <!-- jj -->
  <testcase classname="Test.WelcomePageTest" name="javaal" time="0.0">
    <ignored/>
  </testcase> <!-- javaal -->
  <testcase classname="Test.WelcomePageTest" name="checkdisappearingelemnts" time="0.0">
    <ignored/>
  </testcase> <!-- checkdisappearingelemnts -->
  <testcase classname="Test.WelcomePageTest" name="hrefAB" time="0.0">
    <ignored/>
  </testcase> <!-- hrefAB -->
</testsuite> <!-- Default test -->
