<?xml version="1.0" encoding="UTF-8"?>
<testng-results ignored="20" total="21" passed="1" failed="0" skipped="0">
  <reporter-output>
  </reporter-output>
  <suite started-at="2024-03-16T14:50:04 PKT" name="Default suite" finished-at="2024-03-16T14:50:12 PKT" duration-ms="7876">
    <groups>
    </groups>
    <test started-at="2024-03-16T14:50:04 PKT" name="Default test" finished-at="2024-03-16T14:50:12 PKT" duration-ms="7876">
      <class name="Test.WelcomePageTest">
        <test-method is-config="true" signature="setUp()[pri:0, instance:Test.WelcomePageTest@f5ac9e4]" started-at="2024-03-16T14:50:04 PKT" name="setUp" finished-at="2024-03-16T14:50:11 PKT" duration-ms="7071" status="PASS">
          <reporter-output>
          </reporter-output>
        </test-method> <!-- setUp -->
        <test-method signature="sf()[pri:0, instance:Test.WelcomePageTest@f5ac9e4]" started-at="2024-03-16T14:50:11 PKT" name="sf" finished-at="2024-03-16T14:50:12 PKT" duration-ms="746" status="PASS">
          <reporter-output>
          </reporter-output>
        </test-method> <!-- sf -->
        <test-method is-config="true" signature="tearDown()[pri:0, instance:Test.WelcomePageTest@f5ac9e4]" started-at="2024-03-16T14:50:12 PKT" name="tearDown" finished-at="2024-03-16T14:50:12 PKT" duration-ms="0" status="PASS">
          <reporter-output>
          </reporter-output>
        </test-method> <!-- tearDown -->
      </class> <!-- Test.WelcomePageTest -->
    </test> <!-- Default test -->
  </suite> <!-- Default suite -->
</testng-results>
